<?xml version="1.0" encoding="UTF-8"?>
<!-- Generated by org.testng.reporters.JUnitReportReporter -->
<testsuite skipped="0" hostname="lenovo-PC" name="tests.GoogleTest" tests="1" failures="0" timestamp="2021-03-07T14:22:50 IST" time="39.478" errors="0">
  <testcase name="googleSearchNavigation" time="39.478" classname="tests.GoogleTest"/>
  <system-out/>
</testsuite> <!-- tests.GoogleTest -->
